-------------------------------------------------------------------------------
Test set: testRunner.Runtest
-------------------------------------------------------------------------------
Tests run: 3, Failures: 1, Errors: 0, Skipped: 0, Time elapsed: 52.672 s <<< FAILURE! - in testRunner.Runtest
testRunner.Runtest.runScenario["Search customer by Firstname and Lastname", "Customer"](3)  Time elapsed: 16.572 s  <<< FAILURE!
java.lang.AssertionError: expected [false] but found [true]

