<?xml version="1.0" encoding="UTF-8"?>
<testsuite xmlns:xsi="http://www.w3.org/2001/XMLSchema-instance" xsi:noNamespaceSchemaLocation="https://maven.apache.org/surefire/maven-surefire-plugin/xsd/surefire-test-report-3.0.xsd" version="3.0" name="testRunner.Runtest" time="52.672" tests="3" errors="0" skipped="0" failures="1">
  <properties>
[...]
</properties>
  <testcase name="runScenario[&quot;Add a new customer&quot;, &quot;Customer&quot;](1)" classname="testRunner.Runtest" time="20.419">
    <system-out><![CDATA[
Scenario: Add a new customer                                                              # src/test/java/java/Feature/Customer.feature:11
browser Loaunched
  Given user lounch chrome browser                                                        # stepDefintions.Steps.user_lounch_chrome_browser()
  Then user open URL "https://admin-demo.nopcommerce.com/login?ReturnUrl=%2Fadmin%2F"     # stepDefintions.Steps.user_open_url(java.lang.String)
  And user enters username as "admin@yourstore.com" and password as "admin"               # stepDefintions.Steps.user_enters_username_as_and_password_as(java.lang.String,java.lang.String)
  And user click on Customer menu item                                                    # stepDefintions.Steps.user_click_on_customer_menu_item()
  And user click on customer menu                                                         # stepDefintions.Steps.user_click_on_customer_menu()
  And user click on Add new button                                                        # stepDefintions.Steps.user_click_on_add_new_button()
  Then user can view add new customer page                                                # stepDefintions.Steps.user_can_view_add_new_customer_page()
  And user enters customer info                                                           # stepDefintions.Steps.user_enters_customer_info()
  And user click on save button                                                           # stepDefintions.Steps.user_click_on_save_button()
  Then user can view confirmation message "The new customer has been added successfully." # stepDefintions.Steps.user_can_view_confirmation_message(java.lang.String)
  And close browser                                                                       # stepDefintions.Steps.close_browser()
]]></system-out>
    <system-err><![CDATA[SLF4J(W): No SLF4J providers were found.
SLF4J(W): Defaulting to no-operation (NOP) logger implementation
SLF4J(W): See https://www.slf4j.org/codes.html#noProviders for further details.
May 26, 2024 9:34:25 PM org.openqa.selenium.devtools.CdpVersionFinder findNearestMatch
WARNING: Unable to find an exact match for CDP version 125, returning the closest version; found: 124; Please update to a Selenium version that supports CDP version 125
May 26, 2024 9:34:43 PM org.openqa.selenium.remote.http.WebSocket$Listener onError
WARNING: Connection reset
java.net.SocketException: Connection reset
	at java.base/sun.nio.ch.SocketChannelImpl.throwConnectionReset(SocketChannelImpl.java:401)
	at java.base/sun.nio.ch.SocketChannelImpl.read(SocketChannelImpl.java:434)
	at java.net.http/jdk.internal.net.http.SocketTube.readAvailable(SocketTube.java:1178)
	at java.net.http/jdk.internal.net.http.SocketTube$InternalReadPublisher$InternalReadSubscription.read(SocketTube.java:841)
	at java.net.http/jdk.internal.net.http.SocketTube$SocketFlowTask.run(SocketTube.java:181)
	at java.net.http/jdk.internal.net.http.common.SequentialScheduler$SchedulableTask.run(SequentialScheduler.java:207)
	at java.net.http/jdk.internal.net.http.common.SequentialScheduler.runOrSchedule(SequentialScheduler.java:280)
	at java.net.http/jdk.internal.net.http.common.SequentialScheduler.runOrSchedule(SequentialScheduler.java:233)
	at java.net.http/jdk.internal.net.http.SocketTube$InternalReadPublisher$InternalReadSubscription.signalReadable(SocketTube.java:782)
	at java.net.http/jdk.internal.net.http.SocketTube$InternalReadPublisher$ReadEvent.signalEvent(SocketTube.java:965)
	at java.net.http/jdk.internal.net.http.SocketTube$SocketFlowEvent.handle(SocketTube.java:253)
	at java.net.http/jdk.internal.net.http.HttpClientImpl$SelectorManager.handleEvent(HttpClientImpl.java:1467)
	at java.net.http/jdk.internal.net.http.HttpClientImpl$SelectorManager.lambda$run$3(HttpClientImpl.java:1412)
	at java.base/java.util.ArrayList.forEach(ArrayList.java:1596)
	at java.net.http/jdk.internal.net.http.HttpClientImpl$SelectorManager.run(HttpClientImpl.java:1412)

]]></system-err>
  </testcase>
  <testcase name="runScenario[&quot;Search customer by Email&quot;, &quot;Customer&quot;](2)" classname="testRunner.Runtest" time="14.92">
    <system-out><![CDATA[
Scenario: Search customer by Email                                                    # src/test/java/java/Feature/Customer.feature:20
browser Loaunched
  Given user lounch chrome browser                                                    # stepDefintions.Steps.user_lounch_chrome_browser()
  Then user open URL "https://admin-demo.nopcommerce.com/login?ReturnUrl=%2Fadmin%2F" # stepDefintions.Steps.user_open_url(java.lang.String)
  And user enters username as "admin@yourstore.com" and password as "admin"           # stepDefintions.Steps.user_enters_username_as_and_password_as(java.lang.String,java.lang.String)
  And user click on Customer menu item                                                # stepDefintions.Steps.user_click_on_customer_menu_item()
  And user click on customer menu                                                     # stepDefintions.Steps.user_click_on_customer_menu()
  When user enter customerEmail                                                       # stepDefintions.Steps.user_enter_customer_email()
  And user click on Search button                                                     # stepDefintions.Steps.user_click_on_search_button()
james_pan@nopCommerce.com
  Then user should find customer info in search list                                  # stepDefintions.Steps.user_should_find_customer_info_in_search_list()
  And close browser                                                                   # stepDefintions.Steps.close_browser()
]]></system-out>
    <system-err><![CDATA[May 26, 2024 9:34:44 PM org.openqa.selenium.devtools.CdpVersionFinder findNearestMatch
WARNING: Unable to find an exact match for CDP version 125, returning the closest version; found: 124; Please update to a Selenium version that supports CDP version 125
]]></system-err>
  </testcase>
  <testcase name="runScenario[&quot;Search customer by Firstname and Lastname&quot;, &quot;Customer&quot;](3)" classname="testRunner.Runtest" time="16.572">
    <failure message="expected [false] but found [true]" type="java.lang.AssertionError"><![CDATA[java.lang.AssertionError: expected [false] but found [true]
]]></failure>
    <system-out><![CDATA[
Scenario: Search customer by Firstname and Lastname                                   # src/test/java/java/Feature/Customer.feature:26
browser Loaunched
  Given user lounch chrome browser                                                    # stepDefintions.Steps.user_lounch_chrome_browser()
  Then user open URL "https://admin-demo.nopcommerce.com/login?ReturnUrl=%2Fadmin%2F" # stepDefintions.Steps.user_open_url(java.lang.String)
  And user enters username as "admin@yourstore.com" and password as "admin"           # stepDefintions.Steps.user_enters_username_as_and_password_as(java.lang.String,java.lang.String)
  And user click on Customer menu item                                                # stepDefintions.Steps.user_click_on_customer_menu_item()
  And user click on customer menu                                                     # stepDefintions.Steps.user_click_on_customer_menu()
  When user enter Firstname                                                           # stepDefintions.Steps.user_enter_firstname()
  When user enter Lastname                                                            # stepDefintions.Steps.user_enter_lastname()
  And user click on Search button                                                     # stepDefintions.Steps.user_click_on_search_button()
  Then user should find customer name info in search list                             # stepDefintions.Steps.user_should_find_customer_name_info_in_search_list()
      java.lang.AssertionError: expected [false] but found [true]
	at org.testng.Assert.fail(Assert.java:111)
	at org.testng.Assert.failNotEquals(Assert.java:1578)
	at org.testng.Assert.assertEqualsImpl(Assert.java:150)
	at org.testng.Assert.assertEquals(Assert.java:132)
	at org.testng.Assert.assertEquals(Assert.java:1067)
	at org.testng.Assert.assertEquals(Assert.java:1031)
	at org.testng.Assert.assertEquals(Assert.java:1077)
	at stepDefintions.Steps.user_should_find_customer_name_info_in_search_list(Steps.java:172)
	at ✽.user should find customer name info in search list(file:///C:/Users/sande/eclipse-workspace/CucumberPracticeYTpavan/src/test/java/java/Feature/Customer.feature:30)

  And close browser                                                                   # stepDefintions.Steps.close_browser()
]]></system-out>
    <system-err><![CDATA[May 26, 2024 9:34:59 PM org.openqa.selenium.devtools.CdpVersionFinder findNearestMatch
WARNING: Unable to find an exact match for CDP version 125, returning the closest version; found: 124; Please update to a Selenium version that supports CDP version 125
]]></system-err>
  </testcase>
</testsuite>