<?xml version="1.0" encoding="UTF-8"?>
<testng-results ignored="0" total="7" passed="7" failed="0" skipped="0">
  <reporter-output>
  </reporter-output>
  <suite started-at="2024-05-29T00:39:43 IST" name="Default suite" finished-at="2024-05-29T00:40:57 IST" duration-ms="74026">
    <groups>
      <group name="cucumber">
        <method signature="AbstractTestNGCucumberTests.runScenario(io.cucumber.testng.PickleWrapper,io.cucumber.testng.FeatureWrapper)[pri:0, instance:testRunner.Runtest@6c4906d3]" name="runScenario" class="io.cucumber.testng.AbstractTestNGCucumberTests"/>
      </group> <!-- cucumber -->
    </groups>
    <test started-at="2024-05-29T00:39:43 IST" name="Default test" finished-at="2024-05-29T00:40:57 IST" duration-ms="74026">
      <class name="testRunner.Runtest">
        <test-method is-config="true" signature="setUpClass(org.testng.ITestContext)[pri:0, instance:testRunner.Runtest@6c4906d3]" started-at="2024-05-29T00:39:43 IST" name="setUpClass" finished-at="2024-05-29T00:39:43 IST" duration-ms="808" status="PASS">
          <params>
            <param index="0">
              <value>
                <![CDATA[org.testng.TestRunner@787988f4]]>
              </value>
            </param>
          </params>
          <reporter-output>
          </reporter-output>
        </test-method> <!-- setUpClass -->
        <test-method signature="runScenario(io.cucumber.testng.PickleWrapper,io.cucumber.testng.FeatureWrapper)[pri:0, instance:testRunner.Runtest@6c4906d3]" started-at="2024-05-29T00:39:43 IST" name="runScenario" description="Runs Cucumber Scenarios" data-provider="scenarios" finished-at="2024-05-29T00:40:01 IST" duration-ms="17342" status="PASS">
          <params>
            <param index="0">
              <value>
                <![CDATA["Add a new customer"]]>
              </value>
            </param>
            <param index="1">
              <value>
                <![CDATA["Customer"]]>
              </value>
            </param>
          </params>
          <reporter-output>
          </reporter-output>
        </test-method> <!-- runScenario -->
        <test-method signature="runScenario(io.cucumber.testng.PickleWrapper,io.cucumber.testng.FeatureWrapper)[pri:0, instance:testRunner.Runtest@6c4906d3]" started-at="2024-05-29T00:40:01 IST" name="runScenario" description="Runs Cucumber Scenarios" data-provider="scenarios" finished-at="2024-05-29T00:40:12 IST" duration-ms="11699" status="PASS">
          <params>
            <param index="0">
              <value>
                <![CDATA["Search customer by Email"]]>
              </value>
            </param>
            <param index="1">
              <value>
                <![CDATA["Customer"]]>
              </value>
            </param>
          </params>
          <reporter-output>
          </reporter-output>
        </test-method> <!-- runScenario -->
        <test-method signature="runScenario(io.cucumber.testng.PickleWrapper,io.cucumber.testng.FeatureWrapper)[pri:0, instance:testRunner.Runtest@6c4906d3]" started-at="2024-05-29T00:40:12 IST" name="runScenario" description="Runs Cucumber Scenarios" data-provider="scenarios" finished-at="2024-05-29T00:40:25 IST" duration-ms="12643" status="PASS">
          <params>
            <param index="0">
              <value>
                <![CDATA["Search customer by Firstname and Lastname"]]>
              </value>
            </param>
            <param index="1">
              <value>
                <![CDATA["Customer"]]>
              </value>
            </param>
          </params>
          <reporter-output>
          </reporter-output>
        </test-method> <!-- runScenario -->
        <test-method signature="runScenario(io.cucumber.testng.PickleWrapper,io.cucumber.testng.FeatureWrapper)[pri:0, instance:testRunner.Runtest@6c4906d3]" started-at="2024-05-29T00:40:25 IST" name="runScenario" description="Runs Cucumber Scenarios" data-provider="scenarios" finished-at="2024-05-29T00:40:31 IST" duration-ms="5678" status="PASS">
          <params>
            <param index="0">
              <value>
                <![CDATA["Succesfull Login with valid credentials"]]>
              </value>
            </param>
            <param index="1">
              <value>
                <![CDATA["Login"]]>
              </value>
            </param>
          </params>
          <reporter-output>
          </reporter-output>
        </test-method> <!-- runScenario -->
        <test-method signature="runScenario(io.cucumber.testng.PickleWrapper,io.cucumber.testng.FeatureWrapper)[pri:0, instance:testRunner.Runtest@6c4906d3]" started-at="2024-05-29T00:40:31 IST" name="runScenario" description="Runs Cucumber Scenarios" data-provider="scenarios" finished-at="2024-05-29T00:40:34 IST" duration-ms="3663" status="PASS">
          <params>
            <param index="0">
              <value>
                <![CDATA["Succesfull Login with multiple credentials"]]>
              </value>
            </param>
            <param index="1">
              <value>
                <![CDATA["Login"]]>
              </value>
            </param>
          </params>
          <reporter-output>
          </reporter-output>
        </test-method> <!-- runScenario -->
        <test-method signature="runScenario(io.cucumber.testng.PickleWrapper,io.cucumber.testng.FeatureWrapper)[pri:0, instance:testRunner.Runtest@6c4906d3]" started-at="2024-05-29T00:40:34 IST" name="runScenario" description="Runs Cucumber Scenarios" data-provider="scenarios" finished-at="2024-05-29T00:40:41 IST" duration-ms="6386" status="PASS">
          <params>
            <param index="0">
              <value>
                <![CDATA["Succesfull Login with multiple credentials"]]>
              </value>
            </param>
            <param index="1">
              <value>
                <![CDATA["Login"]]>
              </value>
            </param>
          </params>
          <reporter-output>
          </reporter-output>
        </test-method> <!-- runScenario -->
        <test-method signature="runScenario(io.cucumber.testng.PickleWrapper,io.cucumber.testng.FeatureWrapper)[pri:0, instance:testRunner.Runtest@6c4906d3]" started-at="2024-05-29T00:40:41 IST" name="runScenario" description="Runs Cucumber Scenarios" data-provider="scenarios" finished-at="2024-05-29T00:40:57 IST" duration-ms="15699" status="PASS">
          <params>
            <param index="0">
              <value>
                <![CDATA["click on view button based on order status"]]>
              </value>
            </param>
            <param index="1">
              <value>
                <![CDATA["Orders"]]>
              </value>
            </param>
          </params>
          <reporter-output>
          </reporter-output>
        </test-method> <!-- runScenario -->
        <test-method is-config="true" signature="tearDownClass()[pri:0, instance:testRunner.Runtest@6c4906d3]" started-at="2024-05-29T00:40:57 IST" name="tearDownClass" finished-at="2024-05-29T00:40:57 IST" duration-ms="21" status="PASS">
          <reporter-output>
          </reporter-output>
        </test-method> <!-- tearDownClass -->
      </class> <!-- testRunner.Runtest -->
    </test> <!-- Default test -->
  </suite> <!-- Default suite -->
</testng-results>
